E, [2015-04-23T13:31:26.167461 #20690] ERROR -- Kitchen: ------Exception-------
E, [2015-04-23T13:31:26.167539 #20690] ERROR -- Kitchen: Class: Kitchen::UserError
E, [2015-04-23T13:31:26.167569 #20690] ERROR -- Kitchen: Message: Kitchen YAML file /home/nathan_brewer/rs_clients/slice/rightscale_backup/libraries/.kitchen.yml does not exist.
E, [2015-04-23T13:31:26.167607 #20690] ERROR -- Kitchen: ------Backtrace-------
E, [2015-04-23T13:31:26.167643 #20690] ERROR -- Kitchen: /opt/chefdk/embedded/apps/test-kitchen/lib/kitchen/loader/yaml.rb:74:in `read'
E, [2015-04-23T13:31:26.167678 #20690] ERROR -- Kitchen: /opt/chefdk/embedded/apps/test-kitchen/lib/kitchen/config.rb:139:in `data'
E, [2015-04-23T13:31:26.167704 #20690] ERROR -- Kitchen: /opt/chefdk/embedded/apps/test-kitchen/lib/kitchen/config.rb:118:in `suites'
E, [2015-04-23T13:31:26.167726 #20690] ERROR -- Kitchen: /opt/chefdk/embedded/apps/test-kitchen/lib/kitchen/config.rb:169:in `filter_instances'
E, [2015-04-23T13:31:26.167746 #20690] ERROR -- Kitchen: /opt/chefdk/embedded/apps/test-kitchen/lib/kitchen/config.rb:128:in `build_instances'
E, [2015-04-23T13:31:26.167766 #20690] ERROR -- Kitchen: /opt/chefdk/embedded/apps/test-kitchen/lib/kitchen/config.rb:104:in `instances'
E, [2015-04-23T13:31:26.167786 #20690] ERROR -- Kitchen: /opt/chefdk/embedded/apps/test-kitchen/lib/kitchen/command.rb:115:in `filtered_instances'
E, [2015-04-23T13:31:26.167806 #20690] ERROR -- Kitchen: /opt/chefdk/embedded/apps/test-kitchen/lib/kitchen/command.rb:145:in `parse_subcommand'
E, [2015-04-23T13:31:26.167826 #20690] ERROR -- Kitchen: /opt/chefdk/embedded/apps/test-kitchen/lib/kitchen/command/list.rb:32:in `call'
E, [2015-04-23T13:31:26.167845 #20690] ERROR -- Kitchen: /opt/chefdk/embedded/apps/test-kitchen/lib/kitchen/cli.rb:56:in `perform'
E, [2015-04-23T13:31:26.167865 #20690] ERROR -- Kitchen: /opt/chefdk/embedded/apps/test-kitchen/lib/kitchen/cli.rb:97:in `list'
E, [2015-04-23T13:31:26.167885 #20690] ERROR -- Kitchen: /opt/chefdk/embedded/lib/ruby/gems/2.1.0/gems/thor-0.19.1/lib/thor/command.rb:27:in `run'
E, [2015-04-23T13:31:26.167906 #20690] ERROR -- Kitchen: /opt/chefdk/embedded/lib/ruby/gems/2.1.0/gems/thor-0.19.1/lib/thor/invocation.rb:126:in `invoke_command'
E, [2015-04-23T13:31:26.167926 #20690] ERROR -- Kitchen: /opt/chefdk/embedded/apps/test-kitchen/lib/kitchen/cli.rb:304:in `invoke_task'
E, [2015-04-23T13:31:26.167946 #20690] ERROR -- Kitchen: /opt/chefdk/embedded/lib/ruby/gems/2.1.0/gems/thor-0.19.1/lib/thor.rb:359:in `dispatch'
E, [2015-04-23T13:31:26.167966 #20690] ERROR -- Kitchen: /opt/chefdk/embedded/lib/ruby/gems/2.1.0/gems/thor-0.19.1/lib/thor/base.rb:440:in `start'
E, [2015-04-23T13:31:26.167985 #20690] ERROR -- Kitchen: /opt/chefdk/embedded/apps/test-kitchen/bin/kitchen:13:in `block in <top (required)>'
E, [2015-04-23T13:31:26.168005 #20690] ERROR -- Kitchen: /opt/chefdk/embedded/apps/test-kitchen/lib/kitchen/errors.rb:154:in `with_friendly_errors'
E, [2015-04-23T13:31:26.168035 #20690] ERROR -- Kitchen: /opt/chefdk/embedded/apps/test-kitchen/bin/kitchen:13:in `<top (required)>'
E, [2015-04-23T13:31:26.168070 #20690] ERROR -- Kitchen: /opt/chefdk/bin/kitchen:15:in `load'
E, [2015-04-23T13:31:26.168090 #20690] ERROR -- Kitchen: /opt/chefdk/bin/kitchen:15:in `<main>'
E, [2015-04-23T13:31:26.168109 #20690] ERROR -- Kitchen: ----------------------
